<?xml version="1.0" encoding="UTF-8"?>
<!-- Generated by org.testng.reporters.JUnitReportReporter -->
<testsuite hostname="Prateek-PC" name="orderExpress_Test.Test_Flow1" tests="3" failures="0" timestamp="24 Dec 2016 12:29:24 GMT" time="47.197" errors="0">
  <testcase name="LoginToCardinal" time="19.393" classname="orderExpress_Test.Test_Flow1"/>
  <testcase name="Test_Searchproduct" time="11.284" classname="orderExpress_Test.Test_Flow1"/>
  <testcase name="Test_AddProdutToCart" time="16.520" classname="orderExpress_Test.Test_Flow1"/>
</testsuite> <!-- orderExpress_Test.Test_Flow1 -->
