<?xml version="1.0" encoding="UTF-8"?>
<!-- Generated by org.testng.reporters.JUnitReportReporter -->
<testsuite hostname="Prateek-PC" name="learning_TestNG_Assertion.Test_Assertion" tests="1" failures="0" timestamp="11 Dec 2016 11:39:09 GMT" time="22.336" errors="0">
  <testcase name="testLoginToOE" time="22.336" classname="learning_TestNG_Assertion.Test_Assertion"/>
</testsuite> <!-- learning_TestNG_Assertion.Test_Assertion -->
