<?xml version="1.0" encoding="UTF-8"?>
<!-- Generated by org.testng.reporters.JUnitReportReporter -->
<testsuite hostname="Prateek-PC" name="Learning_TestNG.DataProviderExample" tests="3" failures="0" timestamp="12 Dec 2016 14:07:55 GMT" time="0.127" errors="0">
  <testcase name="setData" time="0.012" classname="Learning_TestNG.DataProviderExample"/>
  <testcase name="setData" time="0.031" classname="Learning_TestNG.DataProviderExample"/>
  <testcase name="setData" time="0.084" classname="Learning_TestNG.DataProviderExample"/>
</testsuite> <!-- Learning_TestNG.DataProviderExample -->
