<?xml version="1.0" encoding="UTF-8"?>
<!-- Generated by org.testng.reporters.JUnitReportReporter -->
<testsuite hostname="Prateek-PC" name="TesNG" tests="3" failures="0" timestamp="10 Dec 2016 12:00:22 GMT" time="0.071" errors="0">
  <testcase name="testCase03" time="0.021" classname="TesNG"/>
  <testcase name="testCase02" time="0.016" classname="TesNG"/>
  <testcase name="testCase01" time="0.034" classname="TesNG"/>
</testsuite> <!-- TesNG -->
